<?xml version="1.0" encoding="UTF-8"?>
<testng-results ignored="0" total="8" passed="7" failed="1" skipped="0">
  <reporter-output>
  </reporter-output>
  <suite started-at="2022-09-20T17:58:20 IST" name="Suite" finished-at="2022-09-20T17:59:14 IST" duration-ms="53449">
    <groups>
    </groups>
    <test started-at="2022-09-20T17:58:20 IST" name="SanityTest" finished-at="2022-09-20T17:59:14 IST" duration-ms="53427">
      <class name="ebankingLoginTest.EBankingLoginTest">
        <test-method is-config="true" signature="initDriver()[pri:0, instance:ebankingLoginTest.EBankingLoginTest@792b749c]" started-at="2022-09-20T17:58:20 IST" name="initDriver" finished-at="2022-09-20T17:58:28 IST" duration-ms="7839" status="PASS">
          <reporter-output>
          </reporter-output>
        </test-method> <!-- initDriver -->
        <test-method signature="testResetUserIdAndpassword(java.lang.String,java.lang.String)[pri:1, instance:ebankingLoginTest.EBankingLoginTest@792b749c]" started-at="2022-09-20T17:58:28 IST" name="testResetUserIdAndpassword" finished-at="2022-09-20T17:58:28 IST" duration-ms="438" status="PASS">
          <params>
            <param index="0">
              <value>
                <![CDATA[mngr4392563738]]>
              </value>
            </param>
            <param index="1">
              <value>
                <![CDATA[qApEnumrtvvf]]>
              </value>
            </param>
          </params>
          <reporter-output>
          </reporter-output>
        </test-method> <!-- testResetUserIdAndpassword -->
        <test-method signature="testLoginWithValidUserIdAndPassword(java.lang.String,java.lang.String)[pri:2, instance:ebankingLoginTest.EBankingLoginTest@792b749c]" started-at="2022-09-20T17:58:28 IST" name="testLoginWithValidUserIdAndPassword" finished-at="2022-09-20T17:58:31 IST" duration-ms="2617" status="PASS">
          <params>
            <param index="0">
              <value>
                <![CDATA[mngr439256]]>
              </value>
            </param>
            <param index="1">
              <value>
                <![CDATA[qApEnum]]>
              </value>
            </param>
          </params>
          <reporter-output>
          </reporter-output>
        </test-method> <!-- testLoginWithValidUserIdAndPassword -->
        <test-method signature="testLogoutFromAccount()[pri:3, instance:ebankingLoginTest.EBankingLoginTest@792b749c]" started-at="2022-09-20T17:58:31 IST" name="testLogoutFromAccount" finished-at="2022-09-20T17:58:32 IST" duration-ms="791" status="PASS">
          <reporter-output>
          </reporter-output>
        </test-method> <!-- testLogoutFromAccount -->
        <test-method is-config="true" signature="quitDriver()[pri:0, instance:ebankingLoginTest.EBankingLoginTest@792b749c]" started-at="2022-09-20T17:58:32 IST" name="quitDriver" finished-at="2022-09-20T17:58:32 IST" duration-ms="242" status="PASS">
          <reporter-output>
          </reporter-output>
        </test-method> <!-- quitDriver -->
      </class> <!-- ebankingLoginTest.EBankingLoginTest -->
      <class name="ebankingPracticeTest.NewAccountTest">
        <test-method is-config="true" signature="initDriver()[pri:0, instance:ebankingPracticeTest.NewAccountTest@61c4eee0]" started-at="2022-09-20T17:58:45 IST" name="initDriver" finished-at="2022-09-20T17:58:50 IST" duration-ms="5136" status="PASS">
          <reporter-output>
          </reporter-output>
        </test-method> <!-- initDriver -->
        <test-method signature="testNewAccountWithInvalidData(java.lang.String,java.lang.String)[pri:1, instance:ebankingPracticeTest.NewAccountTest@61c4eee0]" started-at="2022-09-20T17:58:50 IST" name="testNewAccountWithInvalidData" finished-at="2022-09-20T17:58:55 IST" duration-ms="4797" status="PASS">
          <params>
            <param index="0">
              <value>
                <![CDATA[mngr439256]]>
              </value>
            </param>
            <param index="1">
              <value>
                <![CDATA[qApEnum]]>
              </value>
            </param>
          </params>
          <reporter-output>
          </reporter-output>
        </test-method> <!-- testNewAccountWithInvalidData -->
        <test-method signature="testNewAccountWithValidData(java.lang.String,java.lang.String)[pri:2, instance:ebankingPracticeTest.NewAccountTest@61c4eee0]" started-at="2022-09-20T17:58:55 IST" name="testNewAccountWithValidData" finished-at="2022-09-20T17:58:59 IST" duration-ms="3837" status="FAIL">
          <params>
            <param index="0">
              <value>
                <![CDATA[mngr439256]]>
              </value>
            </param>
            <param index="1">
              <value>
                <![CDATA[qApEnum]]>
              </value>
            </param>
          </params>
          <exception class="java.lang.AssertionError">
            <message>
              <![CDATA[Exception occured while testing testNewAccountWithValidData:[Ljava.lang.StackTraceElement;@59096b66]]>
            </message>
            <full-stacktrace>
              <![CDATA[java.lang.AssertionError: Exception occured while testing testNewAccountWithValidData:[Ljava.lang.StackTraceElement;@59096b66
at org.testng.Assert.fail(Assert.java:110)
at ebankingPracticeTest.NewAccountTest.testNewAccountWithValidData(NewAccountTest.java:75)
at java.base/jdk.internal.reflect.DirectMethodHandleAccessor.invoke(DirectMethodHandleAccessor.java:104)
at java.base/java.lang.reflect.Method.invoke(Method.java:577)
at org.testng.internal.invokers.MethodInvocationHelper.invokeMethod(MethodInvocationHelper.java:139)
at org.testng.internal.invokers.TestInvoker.invokeMethod(TestInvoker.java:677)
at org.testng.internal.invokers.TestInvoker.invokeTestMethod(TestInvoker.java:221)
at org.testng.internal.invokers.MethodRunner.runInSequence(MethodRunner.java:50)
at org.testng.internal.invokers.TestInvoker$MethodInvocationAgent.invoke(TestInvoker.java:962)
at org.testng.internal.invokers.TestInvoker.invokeTestMethods(TestInvoker.java:194)
at org.testng.internal.invokers.TestMethodWorker.invokeTestMethods(TestMethodWorker.java:148)
at org.testng.internal.invokers.TestMethodWorker.run(TestMethodWorker.java:128)
at java.base/java.util.ArrayList.forEach(ArrayList.java:1511)
at org.testng.TestRunner.privateRun(TestRunner.java:806)
at org.testng.TestRunner.run(TestRunner.java:601)
at org.testng.SuiteRunner.runTest(SuiteRunner.java:433)
at org.testng.SuiteRunner.runSequentially(SuiteRunner.java:427)
at org.testng.SuiteRunner.privateRun(SuiteRunner.java:387)
at org.testng.SuiteRunner.run(SuiteRunner.java:330)
at org.testng.SuiteRunnerWorker.runSuite(SuiteRunnerWorker.java:52)
at org.testng.SuiteRunnerWorker.run(SuiteRunnerWorker.java:95)
at org.testng.TestNG.runSuitesSequentially(TestNG.java:1256)
at org.testng.TestNG.runSuitesLocally(TestNG.java:1176)
at org.testng.TestNG.runSuites(TestNG.java:1099)
at org.testng.TestNG.run(TestNG.java:1067)
at org.testng.remote.AbstractRemoteTestNG.run(AbstractRemoteTestNG.java:115)
at org.testng.remote.RemoteTestNG.initAndRun(RemoteTestNG.java:251)
at org.testng.remote.RemoteTestNG.main(RemoteTestNG.java:77)
]]>
            </full-stacktrace>
          </exception> <!-- java.lang.AssertionError -->
          <reporter-output>
          </reporter-output>
        </test-method> <!-- testNewAccountWithValidData -->
        <test-method is-config="true" signature="quitDriver()[pri:0, instance:ebankingPracticeTest.NewAccountTest@61c4eee0]" started-at="2022-09-20T17:58:59 IST" name="quitDriver" finished-at="2022-09-20T17:58:59 IST" duration-ms="240" status="PASS">
          <reporter-output>
          </reporter-output>
        </test-method> <!-- quitDriver -->
      </class> <!-- ebankingPracticeTest.NewAccountTest -->
      <class name="ebankingPracticeTest.DepositTest">
        <test-method is-config="true" signature="initDriver()[pri:0, instance:ebankingPracticeTest.DepositTest@6f10d5b6]" started-at="2022-09-20T17:58:59 IST" name="initDriver" finished-at="2022-09-20T17:59:04 IST" duration-ms="4960" status="PASS">
          <reporter-output>
          </reporter-output>
        </test-method> <!-- initDriver -->
        <test-method signature="testDepositWithInvalidData(java.lang.String,java.lang.String)[pri:1, instance:ebankingPracticeTest.DepositTest@6f10d5b6]" started-at="2022-09-20T17:59:04 IST" name="testDepositWithInvalidData" finished-at="2022-09-20T17:59:11 IST" duration-ms="7751" status="PASS">
          <params>
            <param index="0">
              <value>
                <![CDATA[mngr439256]]>
              </value>
            </param>
            <param index="1">
              <value>
                <![CDATA[qApEnum]]>
              </value>
            </param>
          </params>
          <reporter-output>
          </reporter-output>
        </test-method> <!-- testDepositWithInvalidData -->
        <test-method signature="testDepositWithValidData()[pri:1, instance:ebankingPracticeTest.DepositTest@6f10d5b6]" started-at="2022-09-20T17:59:11 IST" name="testDepositWithValidData" finished-at="2022-09-20T17:59:13 IST" duration-ms="1807" status="PASS">
          <reporter-output>
          </reporter-output>
        </test-method> <!-- testDepositWithValidData -->
        <test-method is-config="true" signature="quitDriver()[pri:0, instance:ebankingPracticeTest.DepositTest@6f10d5b6]" started-at="2022-09-20T17:59:13 IST" name="quitDriver" finished-at="2022-09-20T17:59:14 IST" duration-ms="244" status="PASS">
          <reporter-output>
          </reporter-output>
        </test-method> <!-- quitDriver -->
      </class> <!-- ebankingPracticeTest.DepositTest -->
      <class name="ebankingPracticeTest.AddNewCustomerTest">
        <test-method is-config="true" signature="initDriver()[pri:0, instance:ebankingPracticeTest.AddNewCustomerTest@35841320]" started-at="2022-09-20T17:58:32 IST" name="initDriver" finished-at="2022-09-20T17:58:37 IST" duration-ms="5104" status="PASS">
          <reporter-output>
          </reporter-output>
        </test-method> <!-- initDriver -->
        <test-method signature="testAddNewCustomerFieldsWithValidDetails(java.lang.String,java.lang.String)[pri:1, instance:ebankingPracticeTest.AddNewCustomerTest@35841320]" started-at="2022-09-20T17:58:37 IST" name="testAddNewCustomerFieldsWithValidDetails" finished-at="2022-09-20T17:58:44 IST" duration-ms="7215" status="PASS">
          <params>
            <param index="0">
              <value>
                <![CDATA[mngr439256]]>
              </value>
            </param>
            <param index="1">
              <value>
                <![CDATA[qApEnum]]>
              </value>
            </param>
          </params>
          <reporter-output>
          </reporter-output>
        </test-method> <!-- testAddNewCustomerFieldsWithValidDetails -->
        <test-method is-config="true" signature="quitDriver()[pri:0, instance:ebankingPracticeTest.AddNewCustomerTest@35841320]" started-at="2022-09-20T17:58:44 IST" name="quitDriver" finished-at="2022-09-20T17:58:45 IST" duration-ms="338" status="PASS">
          <reporter-output>
          </reporter-output>
        </test-method> <!-- quitDriver -->
      </class> <!-- ebankingPracticeTest.AddNewCustomerTest -->
    </test> <!-- SanityTest -->
    <test started-at="2022-09-20T17:59:14 IST" name="RegressionTest" finished-at="2022-09-20T17:59:14 IST" duration-ms="1">
    </test> <!-- RegressionTest -->
  </suite> <!-- Suite -->
</testng-results>
